[2020-08-0703:41:51 PM-connectionpool.py-DEBUG:Starting new HTTP connection (1): www.neeq.com.cn:80]
[2020-08-0703:41:51 PM-connectionpool.py-DEBUG:http://www.neeq.com.cn:80 "POST /disclosureInfoController/infoResult_zh.do?callback=jQuery331_1596699678177 HTTP/1.1" 200 174]
[2020-08-0703:42:15 PM-connectionpool.py-DEBUG:Starting new HTTP connection (1): www.neeq.com.cn:80]
[2020-08-0703:42:15 PM-connectionpool.py-DEBUG:http://www.neeq.com.cn:80 "POST /disclosureInfoController/infoResult_zh.do?callback=jQuery331_1596699678177 HTTP/1.1" 200 None]
[2020-08-0703:42:15 PM-gui.py-INFO:通过关键字蓝川环保查询到4条公告，共1页]
[2020-08-0703:42:15 PM-gui.py-INFO:正在处理第1页]
[2020-08-0703:42:15 PM-connectionpool.py-DEBUG:Starting new HTTP connection (1): www.neeq.com.cn:80]
[2020-08-0703:42:15 PM-connectionpool.py-DEBUG:http://www.neeq.com.cn:80 "POST /disclosureInfoController/infoResult_zh.do?callback=jQuery331_1596699678177 HTTP/1.1" 200 None]
[2020-08-0703:42:15 PM-gui.py-ERROR:Error: 无法发送邮件]
[2020-08-0703:42:16 PM-gui.py-INFO:[定期报告]蓝川环保:2020年半年度报告 该公告已存入数据库]
[2020-08-0703:42:17 PM-gui.py-ERROR:Error: 无法发送邮件]
[2020-08-0703:42:17 PM-gui.py-INFO:[临时公告]蓝川环保:为子公司提供担保的公告 该公告已存入数据库]
[2020-08-0703:42:18 PM-gui.py-ERROR:Error: 无法发送邮件]
[2020-08-0703:42:18 PM-gui.py-INFO:[临时公告]蓝川环保:第二届监事会第六次会议决议公告 该公告已存入数据库]
[2020-08-0703:42:20 PM-gui.py-ERROR:Error: 无法发送邮件]
[2020-08-0703:42:20 PM-gui.py-INFO:[临时公告]蓝川环保:第二届董事会第八次决议公告 该公告已存入数据库]
[2020-08-0703:52:22 PM-connectionpool.py-DEBUG:Starting new HTTP connection (1): www.neeq.com.cn:80]
[2020-08-0703:52:22 PM-connectionpool.py-DEBUG:http://www.neeq.com.cn:80 "POST /disclosureInfoController/infoResult_zh.do?callback=jQuery331_1596699678177 HTTP/1.1" 200 None]
[2020-08-0703:52:22 PM-gui.py-INFO:通过关键字蓝川环保查询到5条公告，共1页]
[2020-08-0703:52:22 PM-gui.py-INFO:正在处理第1页]
[2020-08-0703:52:22 PM-connectionpool.py-DEBUG:Starting new HTTP connection (1): www.neeq.com.cn:80]
[2020-08-0703:52:22 PM-connectionpool.py-DEBUG:http://www.neeq.com.cn:80 "POST /disclosureInfoController/infoResult_zh.do?callback=jQuery331_1596699678177 HTTP/1.1" 200 None]
[2020-08-0703:52:22 PM-gui.py-INFO:[定期报告]蓝川环保:2020年半年度报告 该公告数据库中已存在]
[2020-08-0703:52:22 PM-gui.py-INFO:[临时公告]蓝川环保:为子公司提供担保的公告 该公告数据库中已存在]
[2020-08-0703:52:22 PM-gui.py-INFO:[临时公告]蓝川环保:第二届监事会第六次会议决议公告 该公告数据库中已存在]
[2020-08-0703:52:22 PM-gui.py-INFO:[临时公告]蓝川环保:第二届董事会第八次决议公告 该公告数据库中已存在]
[2020-08-0703:52:43 PM-gui.py-ERROR:Error: 无法发送邮件]
[2020-08-0703:55:34 PM-connectionpool.py-DEBUG:Starting new HTTP connection (1): www.neeq.com.cn:80]
[2020-08-0703:55:34 PM-connectionpool.py-DEBUG:http://www.neeq.com.cn:80 "POST /disclosureInfoController/infoResult_zh.do?callback=jQuery331_1596699678177 HTTP/1.1" 200 None]
[2020-08-0703:55:34 PM-gui.py-INFO:通过关键字蓝川环保查询到5条公告，共1页]
[2020-08-0703:55:34 PM-gui.py-INFO:正在处理第1页]
[2020-08-0703:55:34 PM-connectionpool.py-DEBUG:Starting new HTTP connection (1): www.neeq.com.cn:80]
[2020-08-0703:55:34 PM-connectionpool.py-DEBUG:http://www.neeq.com.cn:80 "POST /disclosureInfoController/infoResult_zh.do?callback=jQuery331_1596699678177 HTTP/1.1" 200 None]
[2020-08-0703:55:34 PM-gui.py-INFO:[定期报告]蓝川环保:2020年半年度报告 该公告数据库中已存在]
[2020-08-0703:55:34 PM-gui.py-INFO:[临时公告]蓝川环保:为子公司提供担保的公告 该公告数据库中已存在]
[2020-08-0703:55:34 PM-gui.py-INFO:[临时公告]蓝川环保:第二届监事会第六次会议决议公告 该公告数据库中已存在]
[2020-08-0703:55:34 PM-gui.py-INFO:[临时公告]蓝川环保:第二届董事会第八次决议公告 该公告数据库中已存在]
[2020-08-0703:55:36 PM-gui.py-ERROR:Error: 无法发送邮件]
[2020-08-0703:57:21 PM-connectionpool.py-DEBUG:Starting new HTTP connection (1): www.neeq.com.cn:80]
[2020-08-0703:57:21 PM-connectionpool.py-DEBUG:http://www.neeq.com.cn:80 "POST /disclosureInfoController/infoResult_zh.do?callback=jQuery331_1596699678177 HTTP/1.1" 200 None]
[2020-08-0703:57:21 PM-gui.py-INFO:通过关键字蓝川环保查询到5条公告，共1页]
[2020-08-0703:57:21 PM-gui.py-INFO:正在处理第1页]
[2020-08-0703:57:21 PM-connectionpool.py-DEBUG:Starting new HTTP connection (1): www.neeq.com.cn:80]
[2020-08-0703:57:22 PM-connectionpool.py-DEBUG:http://www.neeq.com.cn:80 "POST /disclosureInfoController/infoResult_zh.do?callback=jQuery331_1596699678177 HTTP/1.1" 200 None]
[2020-08-0703:57:22 PM-gui.py-INFO:[定期报告]蓝川环保:2020年半年度报告 该公告数据库中已存在]
[2020-08-0703:57:22 PM-gui.py-INFO:[临时公告]蓝川环保:为子公司提供担保的公告 该公告数据库中已存在]
[2020-08-0703:57:22 PM-gui.py-INFO:[临时公告]蓝川环保:第二届监事会第六次会议决议公告 该公告数据库中已存在]
[2020-08-0703:57:22 PM-gui.py-INFO:[临时公告]蓝川环保:第二届董事会第八次决议公告 该公告数据库中已存在]
[2020-08-0703:57:42 PM-gui.py-ERROR:Error: 无法发送邮件]
[2020-08-0704:03:43 PM-connectionpool.py-DEBUG:Starting new HTTP connection (1): www.neeq.com.cn:80]
[2020-08-0704:03:43 PM-connectionpool.py-DEBUG:http://www.neeq.com.cn:80 "POST /disclosureInfoController/infoResult_zh.do?callback=jQuery331_1596699678177 HTTP/1.1" 200 None]
[2020-08-0704:03:43 PM-gui.py-INFO:通过关键字蓝川环保查询到5条公告，共1页]
[2020-08-0704:03:43 PM-gui.py-INFO:正在处理第1页]
[2020-08-0704:03:43 PM-connectionpool.py-DEBUG:Starting new HTTP connection (1): www.neeq.com.cn:80]
[2020-08-0704:03:43 PM-connectionpool.py-DEBUG:http://www.neeq.com.cn:80 "POST /disclosureInfoController/infoResult_zh.do?callback=jQuery331_1596699678177 HTTP/1.1" 200 None]
[2020-08-0704:03:43 PM-gui.py-INFO:[定期报告]蓝川环保:2020年半年度报告 该公告数据库中已存在]
[2020-08-0704:03:43 PM-gui.py-INFO:[临时公告]蓝川环保:为子公司提供担保的公告 该公告数据库中已存在]
[2020-08-0704:03:43 PM-gui.py-INFO:[临时公告]蓝川环保:第二届监事会第六次会议决议公告 该公告数据库中已存在]
[2020-08-0704:03:43 PM-gui.py-INFO:[临时公告]蓝川环保:第二届董事会第八次决议公告 该公告数据库中已存在]
[2020-08-0704:03:44 PM-gui.py-ERROR:Error: 无法发送邮件, (554, b'DT:SPM 163 smtp13,EcCowACnv3vCCi1fc9OUCA--.37224S3 1596787394,please see http://mail.163.com/help/help_spam_16.htm?ip=222.65.120.4&hostid=smtp13&time=1596787394')]
[2020-08-0704:09:27 PM-connectionpool.py-DEBUG:Starting new HTTP connection (1): www.neeq.com.cn:80]
[2020-08-0704:09:27 PM-connectionpool.py-DEBUG:http://www.neeq.com.cn:80 "POST /disclosureInfoController/infoResult_zh.do?callback=jQuery331_1596699678177 HTTP/1.1" 200 None]
[2020-08-0704:09:27 PM-gui.py-INFO:通过关键字蓝川环保查询到5条公告，共1页]
[2020-08-0704:09:27 PM-gui.py-INFO:正在处理第1页]
[2020-08-0704:09:27 PM-connectionpool.py-DEBUG:Starting new HTTP connection (1): www.neeq.com.cn:80]
[2020-08-0704:09:27 PM-connectionpool.py-DEBUG:http://www.neeq.com.cn:80 "POST /disclosureInfoController/infoResult_zh.do?callback=jQuery331_1596699678177 HTTP/1.1" 200 None]
[2020-08-0704:09:27 PM-gui.py-INFO:[定期报告]蓝川环保:2020年半年度报告 该公告数据库中已存在]
[2020-08-0704:09:27 PM-gui.py-INFO:[临时公告]蓝川环保:为子公司提供担保的公告 该公告数据库中已存在]
[2020-08-0704:09:27 PM-gui.py-INFO:[临时公告]蓝川环保:第二届监事会第六次会议决议公告 该公告数据库中已存在]
[2020-08-0704:09:27 PM-gui.py-INFO:[临时公告]蓝川环保:第二届董事会第八次决议公告 该公告数据库中已存在]
[2020-08-0704:09:28 PM-gui.py-ERROR:Error: 无法发送邮件, (554, b'DT:SPM 163 smtp11,D8CowACHHrsaDC1fHGXDEg--.55995S3 1596787738,please see http://mail.163.com/help/help_spam_16.htm?ip=222.65.120.4&hostid=smtp11&time=1596787738')]
[2020-08-0704:14:57 PM-connectionpool.py-DEBUG:Starting new HTTP connection (1): www.neeq.com.cn:80]
[2020-08-0704:14:57 PM-connectionpool.py-DEBUG:http://www.neeq.com.cn:80 "POST /disclosureInfoController/infoResult_zh.do?callback=jQuery331_1596699678177 HTTP/1.1" 200 None]
[2020-08-0704:14:57 PM-gui.py-INFO:通过关键字蓝川环保查询到5条公告，共1页]
[2020-08-0704:14:57 PM-gui.py-INFO:正在处理第1页]
[2020-08-0704:14:57 PM-connectionpool.py-DEBUG:Starting new HTTP connection (1): www.neeq.com.cn:80]
[2020-08-0704:14:57 PM-connectionpool.py-DEBUG:http://www.neeq.com.cn:80 "POST /disclosureInfoController/infoResult_zh.do?callback=jQuery331_1596699678177 HTTP/1.1" 200 None]
[2020-08-0704:14:57 PM-gui.py-INFO:[定期报告]蓝川环保:2020年半年度报告 该公告数据库中已存在]
[2020-08-0704:14:57 PM-gui.py-INFO:[临时公告]蓝川环保:为子公司提供担保的公告 该公告数据库中已存在]
[2020-08-0704:14:57 PM-gui.py-INFO:[临时公告]蓝川环保:第二届监事会第六次会议决议公告 该公告数据库中已存在]
[2020-08-0704:14:57 PM-gui.py-INFO:[临时公告]蓝川环保:第二届董事会第八次决议公告 该公告数据库中已存在]
[2020-08-0704:14:58 PM-gui.py-ERROR:Error: 无法发送邮件, (554, b'DT:SPM 163 smtp11,D8CowAD3NdJkDS1fhRDEEg--.42261S3 1596788069,please see http://mail.163.com/help/help_spam_16.htm?ip=222.65.120.4&hostid=smtp11&time=1596788069')]
[2020-08-0704:22:31 PM-connectionpool.py-DEBUG:Starting new HTTP connection (1): www.neeq.com.cn:80]
[2020-08-0704:22:32 PM-connectionpool.py-DEBUG:http://www.neeq.com.cn:80 "POST /disclosureInfoController/infoResult_zh.do?callback=jQuery331_1596699678177 HTTP/1.1" 200 None]
[2020-08-0704:22:32 PM-gui.py-INFO:通过关键字蓝川环保查询到5条公告，共1页]
[2020-08-0704:22:32 PM-gui.py-INFO:正在处理第1页]
[2020-08-0704:22:32 PM-connectionpool.py-DEBUG:Starting new HTTP connection (1): www.neeq.com.cn:80]
[2020-08-0704:22:32 PM-connectionpool.py-DEBUG:http://www.neeq.com.cn:80 "POST /disclosureInfoController/infoResult_zh.do?callback=jQuery331_1596699678177 HTTP/1.1" 200 None]
[2020-08-0704:22:32 PM-gui.py-INFO:[定期报告]蓝川环保:2020年半年度报告 该公告数据库中已存在]
[2020-08-0704:22:32 PM-gui.py-INFO:[临时公告]蓝川环保:为子公司提供担保的公告 该公告数据库中已存在]
[2020-08-0704:22:32 PM-gui.py-INFO:[临时公告]蓝川环保:第二届监事会第六次会议决议公告 该公告数据库中已存在]
[2020-08-0704:22:32 PM-gui.py-INFO:[临时公告]蓝川环保:第二届董事会第八次决议公告 该公告数据库中已存在]
[2020-08-0704:22:33 PM-gui.py-ERROR:Error: 无法发送邮件, (554, b'DT:SPM 163 smtp11,D8CowAA3tsoqDy1foAPFEg--.54110S3 1596788523,please see http://mail.163.com/help/help_spam_16.htm?ip=222.65.120.4&hostid=smtp11&time=1596788523')]
[2020-08-0704:26:48 PM-connectionpool.py-DEBUG:Starting new HTTP connection (1): www.neeq.com.cn:80]
[2020-08-0704:26:48 PM-connectionpool.py-DEBUG:http://www.neeq.com.cn:80 "POST /disclosureInfoController/infoResult_zh.do?callback=jQuery331_1596699678177 HTTP/1.1" 200 None]
[2020-08-0704:26:48 PM-gui.py-INFO:通过关键字蓝川环保查询到5条公告，共1页]
[2020-08-0704:26:48 PM-gui.py-INFO:正在处理第1页]
[2020-08-0704:26:48 PM-connectionpool.py-DEBUG:Starting new HTTP connection (1): www.neeq.com.cn:80]
[2020-08-0704:26:48 PM-connectionpool.py-DEBUG:http://www.neeq.com.cn:80 "POST /disclosureInfoController/infoResult_zh.do?callback=jQuery331_1596699678177 HTTP/1.1" 200 None]
[2020-08-0704:26:48 PM-gui.py-INFO:[定期报告]蓝川环保:2020年半年度报告 该公告数据库中已存在]
[2020-08-0704:26:48 PM-gui.py-INFO:[临时公告]蓝川环保:为子公司提供担保的公告 该公告数据库中已存在]
[2020-08-0704:26:48 PM-gui.py-INFO:[临时公告]蓝川环保:第二届监事会第六次会议决议公告 该公告数据库中已存在]
[2020-08-0704:26:48 PM-gui.py-INFO:[临时公告]蓝川环保:第二届董事会第八次决议公告 该公告数据库中已存在]
[2020-08-0704:26:48 PM-gui.py-ERROR:Error: 无法发送邮件, (554, b'DT:SPM 163 smtp13,EcCowABH1noqEC1fzrCXCA--.29538S3 1596788779,please see http://mail.163.com/help/help_spam_16.htm?ip=222.65.120.4&hostid=smtp13&time=1596788779')]
[2020-08-0704:27:24 PM-connectionpool.py-DEBUG:Starting new HTTP connection (1): www.neeq.com.cn:80]
[2020-08-0704:27:24 PM-connectionpool.py-DEBUG:http://www.neeq.com.cn:80 "POST /disclosureInfoController/infoResult_zh.do?callback=jQuery331_1596699678177 HTTP/1.1" 200 None]
[2020-08-0704:27:24 PM-gui.py-INFO:通过关键字蓝川环保查询到5条公告，共1页]
[2020-08-0704:27:24 PM-gui.py-INFO:正在处理第1页]
[2020-08-0704:27:24 PM-connectionpool.py-DEBUG:Starting new HTTP connection (1): www.neeq.com.cn:80]
[2020-08-0704:27:24 PM-connectionpool.py-DEBUG:http://www.neeq.com.cn:80 "POST /disclosureInfoController/infoResult_zh.do?callback=jQuery331_1596699678177 HTTP/1.1" 200 None]
[2020-08-0704:27:24 PM-gui.py-INFO:[定期报告]蓝川环保:2020年半年度报告 该公告数据库中已存在]
[2020-08-0704:27:24 PM-gui.py-INFO:[临时公告]蓝川环保:为子公司提供担保的公告 该公告数据库中已存在]
[2020-08-0704:27:24 PM-gui.py-INFO:[临时公告]蓝川环保:第二届监事会第六次会议决议公告 该公告数据库中已存在]
[2020-08-0704:27:24 PM-gui.py-INFO:[临时公告]蓝川环保:第二届董事会第八次决议公告 该公告数据库中已存在]
[2020-08-0704:27:25 PM-gui.py-ERROR:Error: 无法发送邮件, (554, b'DT:SPM 163 smtp13,EcCowADnuhBPEC1fgr+XCA--.34832S3 1596788815,please see http://mail.163.com/help/help_spam_16.htm?ip=222.65.120.4&hostid=smtp13&time=1596788815')]
[2020-08-0704:28:02 PM-connectionpool.py-DEBUG:Starting new HTTP connection (1): www.neeq.com.cn:80]
[2020-08-0704:28:03 PM-connectionpool.py-DEBUG:http://www.neeq.com.cn:80 "POST /disclosureInfoController/infoResult_zh.do?callback=jQuery331_1596699678177 HTTP/1.1" 200 None]
[2020-08-0704:28:03 PM-gui.py-INFO:通过关键字蓝川环保查询到5条公告，共1页]
[2020-08-0704:28:03 PM-gui.py-INFO:正在处理第1页]
[2020-08-0704:28:03 PM-connectionpool.py-DEBUG:Starting new HTTP connection (1): www.neeq.com.cn:80]
[2020-08-0704:28:03 PM-connectionpool.py-DEBUG:http://www.neeq.com.cn:80 "POST /disclosureInfoController/infoResult_zh.do?callback=jQuery331_1596699678177 HTTP/1.1" 200 None]
[2020-08-0704:28:03 PM-gui.py-INFO:[定期报告]蓝川环保:2020年半年度报告 该公告数据库中已存在]
[2020-08-0704:28:03 PM-gui.py-INFO:[临时公告]蓝川环保:为子公司提供担保的公告 该公告数据库中已存在]
[2020-08-0704:28:03 PM-gui.py-INFO:[临时公告]蓝川环保:第二届监事会第六次会议决议公告 该公告数据库中已存在]
[2020-08-0704:28:03 PM-gui.py-INFO:[临时公告]蓝川环保:第二届董事会第八次决议公告 该公告数据库中已存在]
[2020-08-0704:28:03 PM-gui.py-ERROR:Error: 无法发送邮件, (554, b'DT:SPM 163 smtp13,EcCowABXr7N1EC1fANSXCA--.61197S3 1596788854,please see http://mail.163.com/help/help_spam_16.htm?ip=222.65.120.4&hostid=smtp13&time=1596788854')]
[2020-08-0704:33:45 PM-connectionpool.py-DEBUG:Starting new HTTP connection (1): www.neeq.com.cn:80]
[2020-08-0704:33:45 PM-connectionpool.py-DEBUG:http://www.neeq.com.cn:80 "POST /disclosureInfoController/infoResult_zh.do?callback=jQuery331_1596699678177 HTTP/1.1" 200 None]
[2020-08-0704:33:45 PM-gui.py-INFO:通过关键字蓝川环保查询到5条公告，共1页]
[2020-08-0704:33:45 PM-gui.py-INFO:正在处理第1页]
[2020-08-0704:33:45 PM-connectionpool.py-DEBUG:Starting new HTTP connection (1): www.neeq.com.cn:80]
[2020-08-0704:33:45 PM-connectionpool.py-DEBUG:http://www.neeq.com.cn:80 "POST /disclosureInfoController/infoResult_zh.do?callback=jQuery331_1596699678177 HTTP/1.1" 200 None]
[2020-08-0704:33:45 PM-gui.py-INFO:[定期报告]蓝川环保:2020年半年度报告 该公告数据库中已存在]
[2020-08-0704:33:45 PM-gui.py-INFO:[临时公告]蓝川环保:为子公司提供担保的公告 该公告数据库中已存在]
[2020-08-0704:33:45 PM-gui.py-INFO:[临时公告]蓝川环保:第二届监事会第六次会议决议公告 该公告数据库中已存在]
[2020-08-0704:33:45 PM-gui.py-INFO:[临时公告]蓝川环保:第二届董事会第八次决议公告 该公告数据库中已存在]
[2020-08-0704:33:46 PM-gui.py-ERROR:Error: 无法发送邮件, (554, b'DT:SPM 163 smtp13,EcCowAA3dhLMES1f5oaYCA--.21234S3 1596789196,please see http://mail.163.com/help/help_spam_16.htm?ip=222.65.120.4&hostid=smtp13&time=1596789196')]
[2020-08-0704:36:37 PM-connectionpool.py-DEBUG:Starting new HTTP connection (1): www.neeq.com.cn:80]
[2020-08-0704:36:37 PM-connectionpool.py-DEBUG:http://www.neeq.com.cn:80 "POST /disclosureInfoController/infoResult_zh.do?callback=jQuery331_1596699678177 HTTP/1.1" 200 None]
[2020-08-0704:36:37 PM-gui.py-INFO:通过关键字蓝川环保查询到5条公告，共1页]
[2020-08-0704:36:37 PM-gui.py-INFO:正在处理第1页]
[2020-08-0704:36:37 PM-connectionpool.py-DEBUG:Starting new HTTP connection (1): www.neeq.com.cn:80]
[2020-08-0704:36:37 PM-connectionpool.py-DEBUG:http://www.neeq.com.cn:80 "POST /disclosureInfoController/infoResult_zh.do?callback=jQuery331_1596699678177 HTTP/1.1" 200 None]
[2020-08-0704:36:37 PM-gui.py-INFO:[定期报告]蓝川环保:2020年半年度报告 该公告数据库中已存在]
[2020-08-0704:36:37 PM-gui.py-INFO:[临时公告]蓝川环保:为子公司提供担保的公告 该公告数据库中已存在]
[2020-08-0704:36:37 PM-gui.py-INFO:[临时公告]蓝川环保:第二届监事会第六次会议决议公告 该公告数据库中已存在]
[2020-08-0704:36:37 PM-gui.py-INFO:[临时公告]蓝川环保:第二届董事会第八次决议公告 该公告数据库中已存在]
[2020-08-0704:36:38 PM-gui.py-ERROR:Error: 无法发送邮件, (554, b'DT:SPM 163 smtp13,EcCowADHeLR4Ei1fEtuYCA--.40108S3 1596789368,please see http://mail.163.com/help/help_spam_16.htm?ip=222.65.120.4&hostid=smtp13&time=1596789368')]
[2020-08-0704:39:28 PM-connectionpool.py-DEBUG:Starting new HTTP connection (1): www.neeq.com.cn:80]
[2020-08-0704:39:29 PM-connectionpool.py-DEBUG:http://www.neeq.com.cn:80 "POST /disclosureInfoController/infoResult_zh.do?callback=jQuery331_1596699678177 HTTP/1.1" 200 174]
[2020-08-0704:39:38 PM-connectionpool.py-DEBUG:Starting new HTTP connection (1): www.neeq.com.cn:80]
[2020-08-0704:39:38 PM-connectionpool.py-DEBUG:http://www.neeq.com.cn:80 "POST /disclosureInfoController/infoResult_zh.do?callback=jQuery331_1596699678177 HTTP/1.1" 200 None]
[2020-08-0704:39:38 PM-gui.py-INFO:通过关键字蓝川环保查询到5条公告，共1页]
[2020-08-0704:39:38 PM-gui.py-INFO:正在处理第1页]
[2020-08-0704:39:38 PM-connectionpool.py-DEBUG:Starting new HTTP connection (1): www.neeq.com.cn:80]
[2020-08-0704:39:38 PM-connectionpool.py-DEBUG:http://www.neeq.com.cn:80 "POST /disclosureInfoController/infoResult_zh.do?callback=jQuery331_1596699678177 HTTP/1.1" 200 None]
[2020-08-0704:39:38 PM-gui.py-INFO:[定期报告]蓝川环保:2020年半年度报告 该公告数据库中已存在]
[2020-08-0704:39:38 PM-gui.py-INFO:[临时公告]蓝川环保:为子公司提供担保的公告 该公告数据库中已存在]
[2020-08-0704:39:38 PM-gui.py-INFO:[临时公告]蓝川环保:第二届监事会第六次会议决议公告 该公告数据库中已存在]
[2020-08-0704:39:38 PM-gui.py-INFO:[临时公告]蓝川环保:第二届董事会第八次决议公告 该公告数据库中已存在]
[2020-08-0704:39:39 PM-gui.py-ERROR:Error: 无法发送邮件, (554, b'DT:SPM 163 smtp10,DsCowABnxvotEy1fslEYEw--.57314S3 1596789549,please see http://mail.163.com/help/help_spam_16.htm?ip=222.65.120.4&hostid=smtp10&time=1596789549')]
[2020-08-0805:22:06 PM-connectionpool.py-DEBUG:Starting new HTTP connection (1): www.neeq.com.cn]
[2020-08-0805:22:06 PM-connectionpool.py-DEBUG:http://www.neeq.com.cn:80 "POST /disclosureInfoController/infoResult_zh.do?callback=jQuery331_1596699678177 HTTP/1.1" 200 None]
[2020-08-0805:22:06 PM-gui.py-INFO:通过代码833159查询到10条公告，共1页]
[2020-08-0805:22:06 PM-gui.py-INFO:正在处理第1页]
[2020-08-0805:22:06 PM-connectionpool.py-DEBUG:Starting new HTTP connection (1): www.neeq.com.cn]
[2020-08-0805:22:07 PM-connectionpool.py-DEBUG:http://www.neeq.com.cn:80 "POST /disclosureInfoController/infoResult_zh.do?callback=jQuery331_1596699678177 HTTP/1.1" 200 3073]
[2020-08-0805:22:27 PM-gui.py-ERROR:Error: 无法发送邮件, Connection unexpectedly closed]
[2020-08-0805:22:52 PM-gui.py-ERROR:Error: 无法发送邮件, Connection unexpectedly closed]
[2020-08-0805:23:17 PM-gui.py-ERROR:Error: 无法发送邮件, Connection unexpectedly closed]
[2020-08-0805:23:42 PM-gui.py-ERROR:Error: 无法发送邮件, Connection unexpectedly closed]
[2020-08-0805:24:07 PM-gui.py-ERROR:Error: 无法发送邮件, Connection unexpectedly closed]
[2020-08-0805:24:32 PM-gui.py-ERROR:Error: 无法发送邮件, Connection unexpectedly closed]
[2020-08-0805:24:57 PM-gui.py-ERROR:Error: 无法发送邮件, Connection unexpectedly closed]
[2020-08-0805:25:22 PM-gui.py-ERROR:Error: 无法发送邮件, Connection unexpectedly closed]
[2020-08-0805:25:47 PM-gui.py-ERROR:Error: 无法发送邮件, Connection unexpectedly closed]
[2020-08-0805:26:12 PM-gui.py-ERROR:Error: 无法发送邮件, Connection unexpectedly closed]
[2020-08-0805:26:37 PM-connectionpool.py-DEBUG:Starting new HTTP connection (1): www.neeq.com.cn]
[2020-08-0805:26:37 PM-connectionpool.py-DEBUG:http://www.neeq.com.cn:80 "POST /disclosureInfoController/infoResult_zh.do?callback=jQuery331_1596699678177 HTTP/1.1" 200 3651]
[2020-08-0805:26:37 PM-gui.py-INFO:通过代码838275查询到13条公告，共1页]
[2020-08-0805:26:37 PM-gui.py-INFO:正在处理第1页]
[2020-08-0805:26:37 PM-connectionpool.py-DEBUG:Starting new HTTP connection (1): www.neeq.com.cn]
[2020-08-0805:26:37 PM-connectionpool.py-DEBUG:http://www.neeq.com.cn:80 "POST /disclosureInfoController/infoResult_zh.do?callback=jQuery331_1596699678177 HTTP/1.1" 200 3651]
[2020-08-0805:26:57 PM-gui.py-ERROR:Error: 无法发送邮件, Connection unexpectedly closed]
[2020-08-0805:27:22 PM-gui.py-ERROR:Error: 无法发送邮件, Connection unexpectedly closed]
[2020-08-0805:27:48 PM-gui.py-ERROR:Error: 无法发送邮件, Connection unexpectedly closed]
[2020-08-0805:28:13 PM-gui.py-ERROR:Error: 无法发送邮件, Connection unexpectedly closed]
[2020-08-0805:28:38 PM-gui.py-ERROR:Error: 无法发送邮件, Connection unexpectedly closed]
[2020-08-0805:29:03 PM-gui.py-ERROR:Error: 无法发送邮件, Connection unexpectedly closed]
[2020-08-0805:29:28 PM-gui.py-ERROR:Error: 无法发送邮件, Connection unexpectedly closed]
[2020-08-0805:29:53 PM-gui.py-ERROR:Error: 无法发送邮件, Connection unexpectedly closed]
[2020-08-0805:30:18 PM-gui.py-ERROR:Error: 无法发送邮件, Connection unexpectedly closed]
[2020-08-0805:30:43 PM-gui.py-ERROR:Error: 无法发送邮件, Connection unexpectedly closed]
[2020-08-0805:31:08 PM-gui.py-ERROR:Error: 无法发送邮件, Connection unexpectedly closed]
[2020-08-0805:31:33 PM-gui.py-ERROR:Error: 无法发送邮件, Connection unexpectedly closed]
[2020-08-0805:31:58 PM-gui.py-ERROR:Error: 无法发送邮件, Connection unexpectedly closed]
[2020-08-0805:33:02 PM-connectionpool.py-DEBUG:Starting new HTTP connection (1): www.neeq.com.cn]
[2020-08-0805:33:02 PM-connectionpool.py-DEBUG:http://www.neeq.com.cn:80 "POST /disclosureInfoController/infoResult_zh.do?callback=jQuery331_1596699678177 HTTP/1.1" 200 3651]
[2020-08-0805:33:02 PM-gui.py-INFO:通过代码838275查询到13条公告，共1页]
[2020-08-0805:33:02 PM-gui.py-INFO:正在处理第1页]
[2020-08-0805:33:02 PM-connectionpool.py-DEBUG:Starting new HTTP connection (1): www.neeq.com.cn]
[2020-08-0805:33:02 PM-connectionpool.py-DEBUG:http://www.neeq.com.cn:80 "POST /disclosureInfoController/infoResult_zh.do?callback=jQuery331_1596699678177 HTTP/1.1" 200 None]
[2020-08-0805:33:03 PM-gui.py-ERROR:Error: 无法发送邮件, {'6110559273@qq.com': (550, b'Mailbox not found or access denied.')}]
[2020-08-0805:33:09 PM-gui.py-ERROR:Error: 无法发送邮件, {'6110559273@qq.com': (550, b'Mailbox not found or access denied.')}]
[2020-08-0805:33:14 PM-gui.py-ERROR:Error: 无法发送邮件, {'6110559273@qq.com': (550, b'Mailbox not found or access denied.')}]
[2020-08-0805:33:20 PM-gui.py-ERROR:Error: 无法发送邮件, {'6110559273@qq.com': (550, b'Mailbox not found or access denied.')}]
[2020-08-0805:33:25 PM-gui.py-ERROR:Error: 无法发送邮件, {'6110559273@qq.com': (550, b'Mailbox not found or access denied.')}]
[2020-08-0805:33:31 PM-gui.py-ERROR:Error: 无法发送邮件, {'6110559273@qq.com': (550, b'Mailbox not found or access denied.')}]
[2020-08-0805:33:37 PM-gui.py-ERROR:Error: 无法发送邮件, {'6110559273@qq.com': (550, b'Mailbox not found or access denied.')}]
[2020-08-0805:33:42 PM-gui.py-ERROR:Error: 无法发送邮件, {'6110559273@qq.com': (550, b'Mailbox not found or access denied.')}]
[2020-08-0805:33:48 PM-gui.py-ERROR:Error: 无法发送邮件, {'6110559273@qq.com': (550, b'Mailbox not found or access denied.')}]
[2020-08-0805:33:53 PM-gui.py-ERROR:Error: 无法发送邮件, {'6110559273@qq.com': (550, b'Mailbox not found or access denied.')}]
[2020-08-0805:33:59 PM-gui.py-ERROR:Error: 无法发送邮件, {'6110559273@qq.com': (550, b'Mailbox not found or access denied.')}]
[2020-08-0805:34:04 PM-gui.py-ERROR:Error: 无法发送邮件, {'6110559273@qq.com': (550, b'Mailbox not found or access denied.')}]
[2020-08-0805:34:10 PM-gui.py-ERROR:Error: 无法发送邮件, {'6110559273@qq.com': (550, b'Mailbox not found or access denied.')}]
[2020-08-0805:37:25 PM-connectionpool.py-DEBUG:Starting new HTTP connection (1): www.neeq.com.cn]
[2020-08-0805:37:25 PM-connectionpool.py-DEBUG:http://www.neeq.com.cn:80 "POST /disclosureInfoController/infoResult_zh.do?callback=jQuery331_1596699678177 HTTP/1.1" 200 2472]
[2020-08-0805:37:25 PM-gui.py-INFO:通过代码833159查询到8条公告，共1页]
[2020-08-0805:37:25 PM-gui.py-INFO:正在处理第1页]
[2020-08-0805:37:25 PM-connectionpool.py-DEBUG:Starting new HTTP connection (1): www.neeq.com.cn]
[2020-08-0805:37:26 PM-connectionpool.py-DEBUG:http://www.neeq.com.cn:80 "POST /disclosureInfoController/infoResult_zh.do?callback=jQuery331_1596699678177 HTTP/1.1" 200 2472]
[2020-08-0805:37:27 PM-gui.py-INFO:邮件发送成功]
[2020-08-0805:37:27 PM-gui.py-INFO:[临时公告]力好科技:子公司被列入失信被执行人的公告(补发) 该公告已存入数据库]
[2020-08-0805:37:33 PM-gui.py-INFO:邮件发送成功]
[2020-08-0805:37:33 PM-gui.py-INFO:[临时公告]力好科技:关于补发子公司被列入失信被执行人公告的声明公告 该公告已存入数据库]
[2020-08-0805:37:39 PM-gui.py-INFO:邮件发送成功]
[2020-08-0805:37:39 PM-gui.py-INFO:[临时公告]力好科技:追认对外担保的公告(补发) 该公告已存入数据库]
[2020-08-0805:37:45 PM-gui.py-INFO:邮件发送成功]
[2020-08-0805:37:45 PM-gui.py-INFO:[临时公告]力好科技:关于补发补充确认提供担保的公告的声明公告 该公告已存入数据库]
[2020-08-0805:37:51 PM-gui.py-INFO:邮件发送成功]
[2020-08-0805:37:51 PM-gui.py-INFO:[临时公告]力好科技:出售资产的公告(补发) 该公告已存入数据库]
[2020-08-0805:37:57 PM-gui.py-INFO:邮件发送成功]
[2020-08-0805:37:57 PM-gui.py-INFO:[临时公告]力好科技:关于补发公司出售资产公告的声明公告 该公告已存入数据库]
[2020-08-0805:38:03 PM-gui.py-INFO:邮件发送成功]
[2020-08-0805:38:03 PM-gui.py-INFO:[临时公告]力好科技:第五届董事会第二次会议决议 该公告已存入数据库]
[2020-08-0805:38:09 PM-gui.py-INFO:邮件发送成功]
[2020-08-0805:38:09 PM-gui.py-INFO:[临时公告]力好科技:公司、控股股东、实际控制人被列入失信被执行人的公告 该公告已存入数据库]
[2020-08-0805:38:34 PM-connectionpool.py-DEBUG:Starting new HTTP connection (1): www.neeq.com.cn]
[2020-08-0805:38:34 PM-connectionpool.py-DEBUG:http://www.neeq.com.cn:80 "POST /disclosureInfoController/infoResult_zh.do?callback=jQuery331_1596699678177 HTTP/1.1" 200 3360]
[2020-08-0805:38:34 PM-gui.py-INFO:通过代码838275查询到12条公告，共1页]
[2020-08-0805:38:34 PM-gui.py-INFO:正在处理第1页]
[2020-08-0805:38:34 PM-connectionpool.py-DEBUG:Starting new HTTP connection (1): www.neeq.com.cn]
[2020-08-0805:38:34 PM-connectionpool.py-DEBUG:http://www.neeq.com.cn:80 "POST /disclosureInfoController/infoResult_zh.do?callback=jQuery331_1596699678177 HTTP/1.1" 200 None]
[2020-08-0805:38:35 PM-gui.py-INFO:邮件发送成功]
[2020-08-0805:38:35 PM-gui.py-INFO:[临时公告]驱动力:前期会计差错更正公告 该公告已存入数据库]
[2020-08-0805:38:41 PM-gui.py-INFO:邮件发送成功]
[2020-08-0805:38:41 PM-gui.py-INFO:[定期报告]驱动力:2017年年度报告 该公告已存入数据库]
[2020-08-0805:38:47 PM-gui.py-INFO:邮件发送成功]
[2020-08-0805:38:47 PM-gui.py-INFO:[临时公告]驱动力:2017年年度报告(更正公告) 该公告已存入数据库]
[2020-08-0805:38:53 PM-gui.py-INFO:邮件发送成功]
[2020-08-0805:38:53 PM-gui.py-INFO:[临时公告]驱动力:独立董事关于前期会计差错更正的独立意见 该公告已存入数据库]
[2020-08-0805:38:59 PM-gui.py-INFO:邮件发送成功]
[2020-08-0805:38:59 PM-gui.py-INFO:[定期报告]驱动力:2018年年度报告 该公告已存入数据库]
[2020-08-0805:39:05 PM-gui.py-INFO:邮件发送成功]
[2020-08-0805:39:05 PM-gui.py-INFO:[临时公告]驱动力:2018年年度报告(更正公告) 该公告已存入数据库]
[2020-08-0805:39:11 PM-gui.py-INFO:邮件发送成功]
[2020-08-0805:39:11 PM-gui.py-INFO:[定期报告]驱动力: 2019年年度报告 该公告已存入数据库]
[2020-08-0805:39:17 PM-gui.py-INFO:邮件发送成功]
[2020-08-0805:39:18 PM-gui.py-INFO:[临时公告]驱动力: 2019年年度报告(更正公告) 该公告已存入数据库]
[2020-08-0805:39:23 PM-gui.py-INFO:邮件发送成功]
[2020-08-0805:39:24 PM-gui.py-INFO:[定期报告]驱动力:2020年半年度报告 该公告已存入数据库]
[2020-08-0805:39:29 PM-gui.py-INFO:邮件发送成功]
[2020-08-0805:39:30 PM-gui.py-INFO:[临时公告]驱动力:关于 2020年半年度募集资金存放及使用的专项报告 该公告已存入数据库]
[2020-08-0805:39:35 PM-gui.py-INFO:邮件发送成功]
[2020-08-0805:39:36 PM-gui.py-INFO:[临时公告]驱动力:第二届监事会第九次会议决议公告 该公告已存入数据库]
[2020-08-0805:39:42 PM-gui.py-INFO:邮件发送成功]
[2020-08-0805:39:42 PM-gui.py-INFO:[临时公告]驱动力:第二届董事会第十一次会议决议公告 该公告已存入数据库]
