[2020-08-13 02:36:36 PM-connectionpool.py-DEBUG:Starting new HTTP connection (1): www.neeq.com.cn:80]
[2020-08-13 02:36:37 PM-connectionpool.py-DEBUG:http://www.neeq.com.cn:80 "POST /disclosureInfoController/infoResult_zh.do?callback=jQuery331_1596699678177 HTTP/1.1" 200 2346]
[2020-08-13 02:36:37 PM-nogui.py-INFO:通过代码833202查询到8条公告，共1页]
[2020-08-13 02:36:37 PM-nogui.py-INFO:正在处理第1页]
[2020-08-13 02:36:37 PM-connectionpool.py-DEBUG:Starting new HTTP connection (1): www.neeq.com.cn:80]
[2020-08-13 02:36:37 PM-connectionpool.py-DEBUG:http://www.neeq.com.cn:80 "POST /disclosureInfoController/infoResult_zh.do?callback=jQuery331_1596699678177 HTTP/1.1" 200 2346]
[2020-08-13 02:36:37 PM-nogui.py-INFO:邮件发送成功]
[2020-08-13 02:36:38 PM-nogui.py-INFO:[临时公告]佳科股份:监事换届公告 该公告已存入数据库]
[2020-08-13 02:36:43 PM-nogui.py-INFO:邮件发送成功]
[2020-08-13 02:36:43 PM-nogui.py-INFO:[临时公告]佳科股份:追认偶发性关联交易公告 该公告已存入数据库]
[2020-08-13 02:36:49 PM-nogui.py-INFO:邮件发送成功]
[2020-08-13 02:36:49 PM-nogui.py-INFO:[临时公告]佳科股份:2020年第一次职工代表大会决议公告 该公告已存入数据库]
[2020-08-13 02:36:55 PM-nogui.py-INFO:邮件发送成功]
[2020-08-13 02:36:55 PM-nogui.py-INFO:[临时公告]佳科股份:董事换届公告 该公告已存入数据库]
[2020-08-13 02:37:01 PM-nogui.py-INFO:邮件发送成功]
[2020-08-13 02:37:01 PM-nogui.py-INFO:[临时公告]佳科股份:第二届监事会第八次会议决议公告 该公告已存入数据库]
[2020-08-13 02:37:07 PM-nogui.py-INFO:邮件发送成功]
[2020-08-13 02:37:07 PM-nogui.py-INFO:[临时公告]佳科股份:第二届董事会第七次会议决议公告 该公告已存入数据库]
[2020-08-13 02:37:13 PM-nogui.py-INFO:邮件发送成功]
[2020-08-13 02:37:13 PM-nogui.py-INFO:[临时公告]佳科股份:关于召开2020年第一次临时股东大会通知公告 该公告已存入数据库]
[2020-08-13 02:37:19 PM-nogui.py-INFO:邮件发送成功]
[2020-08-13 02:37:19 PM-nogui.py-INFO:[定期报告]佳科股份:2020年半年度报告 该公告已存入数据库]
[2020-08-13 02:37:44 PM-nogui.py-INFO:本次查询结束 .，10分钟后开始下次查询]
